2025-05-04 20:35:34,790 - root - INFO - Logging initialized. Logs will be written to logs\football_prediction_20250504_203534.log.
2025-05-04 20:35:34,792 - __main__ - INFO - 1. Starting data loading
2025-05-04 20:35:34,814 - src.data.loader - INFO - Loading data from data/raw/FPL_logs.csv
2025-05-04 20:35:35,578 - src.data.loader - INFO - Data validation passed
2025-05-04 20:35:35,605 - src.data.loader - INFO - Dataset loaded: 24573 rows, 80 columns
2025-05-04 20:35:35,651 - src.data.loader - INFO - Columns: ['Date', 'Day', 'Venue', 'Team', 'Opponent', 'Name', 'Start', 'Pos', 'Min', 'Gls']... (and 70 more)
2025-05-04 20:35:35,701 - src.data.loader - INFO - Data types: {dtype('float64'): 59, dtype('O'): 17, dtype('int64'): 3, dtype('bool'): 1}
2025-05-04 20:35:35,787 - src.data.loader - INFO - Missing values: 121533 total missing values
2025-05-04 20:35:35,788 - __main__ - INFO - 2. Starting data preprocessing
2025-05-04 20:35:35,844 - src.data.preprocessor - INFO - Starting data preprocessing
2025-05-04 20:35:35,893 - src.data.preprocessor - INFO - Filtered rows with playing time > 0: 19236 rows remaining
2025-05-04 20:35:35,901 - src.data.preprocessor - INFO - Handling missing values
2025-05-04 20:35:36,219 - src.data.preprocessor - INFO - Missing values handled: 0 remaining
2025-05-04 20:35:36,220 - src.data.preprocessor - INFO - Creating binary target variable with threshold 5.0
2025-05-04 20:35:36,229 - src.data.preprocessor - INFO - Target variable distribution: {0: 15242, 1: 3994}
2025-05-04 20:35:36,230 - src.data.preprocessor - INFO - Dropping 10 non-feature columns
2025-05-04 20:35:36,273 - src.data.preprocessor - INFO - Transforming features
2025-05-04 20:35:36,298 - src.data.preprocessor - INFO - Encoding 10 categorical variables
2025-05-04 20:35:36,922 - src.data.preprocessor - INFO - Feature transformation complete: 78 features
2025-05-04 20:35:36,927 - src.data.preprocessor - INFO - Default temporal split (80/10/10): Train=15388, Val=1923, Test=1925
2025-05-04 20:35:36,927 - src.data.preprocessor - INFO - Data preprocessing completed
2025-05-04 20:35:36,939 - __main__ - INFO - 3. Starting feature selection
2025-05-04 20:35:36,977 - src.features.selector - INFO - Performing SelectKBest feature selection with cross-validation
2025-05-04 20:35:36,978 - src.features.selector - INFO - Selecting top 30 features using univariate tests
2025-05-04 20:35:37,072 - src.features.selector - INFO - Selected 30 features using SelectKBest
2025-05-04 20:35:46,229 - src.features.selector - INFO - Cross-validated F1 score with selected features: 0.9672 ± 0.0046
2025-05-04 20:35:46,235 - __main__ - INFO - Saved selected features to output\selected_features.joblib for prediction UI
2025-05-04 20:35:46,236 - __main__ - INFO - 4. Starting model training and evaluation
2025-05-04 20:35:46,236 - __main__ - INFO - Training and evaluating RandomForest model
2025-05-04 20:35:50,821 - model.{'n_estimators': 200, 'max_depth': 15, 'min_samples_split': 10, 'min_samples_leaf': 4, 'class_weight': 'balanced', 'random_state': 42} - INFO - Classification report:
              precision    recall  f1-score   support

           0       0.99      0.99      0.99      1506
           1       0.96      0.97      0.97       419

    accuracy                           0.99      1925
   macro avg       0.98      0.98      0.98      1925
weighted avg       0.99      0.99      0.99      1925

2025-05-04 20:35:50,826 - model.{'n_estimators': 200, 'max_depth': 15, 'min_samples_split': 10, 'min_samples_leaf': 4, 'class_weight': 'balanced', 'random_state': 42} - INFO - Confusion matrix:
[[1490   16]
 [  12  407]]
2025-05-04 20:35:50,827 - __main__ - INFO - RandomForest metrics: {'accuracy': 0.9854545454545455, 'precision': 0.9621749408983451, 'recall': 0.9713603818615751, 'f1_score': 0.9667458432304038, 'roc_auc': np.float64(0.9987535934226499)}
2025-05-04 20:35:51,044 - __main__ - INFO - Saved feature importance to output\randomforest_feature_importance.csv
2025-05-04 20:35:51,045 - __main__ - INFO - Training and evaluating SVM model
2025-05-04 20:36:43,480 - model.{'C': 5.0, 'kernel': 'rbf', 'gamma': 0.01, 'probability': True, 'class_weight': 'balanced', 'random_state': 42} - INFO - Classification report:
              precision    recall  f1-score   support

           0       0.99      0.98      0.98      1506
           1       0.92      0.96      0.94       419

    accuracy                           0.97      1925
   macro avg       0.96      0.97      0.96      1925
weighted avg       0.98      0.97      0.97      1925

2025-05-04 20:36:43,483 - model.{'C': 5.0, 'kernel': 'rbf', 'gamma': 0.01, 'probability': True, 'class_weight': 'balanced', 'random_state': 42} - INFO - Confusion matrix:
[[1473   33]
 [  16  403]]
2025-05-04 20:36:43,484 - __main__ - INFO - SVM metrics: {'accuracy': 0.9745454545454545, 'precision': 0.9243119266055045, 'recall': 0.9618138424821002, 'f1_score': 0.9426900584795321, 'roc_auc': np.float64(0.9950318059504226)}
2025-05-04 20:36:43,485 - __main__ - INFO - Training and evaluating NeuralNetwork model
2025-05-04 20:37:09,641 - __main__ - ERROR - Error in pipeline: index 1 is out of bounds for axis 1 with size 1
