2025-05-04 19:23:48,764 - root - INFO - Logging initialized. Logs will be written to logs\football_prediction_20250504_192348.log.
2025-05-04 19:23:48,767 - __main__ - INFO - 1. Starting data loading
2025-05-04 19:23:48,776 - src.data.loader - INFO - Loading data from data/raw/FPL_logs.csv
2025-05-04 19:23:49,194 - src.data.loader - INFO - Data validation passed
2025-05-04 19:23:49,195 - src.data.loader - INFO - Dataset loaded: 24573 rows, 80 columns
2025-05-04 19:23:49,196 - src.data.loader - INFO - Columns: ['Date', 'Day', 'Venue', 'Team', 'Opponent', 'Name', 'Start', 'Pos', 'Min', 'Gls']... (and 70 more)
2025-05-04 19:23:49,203 - src.data.loader - INFO - Data types: {dtype('float64'): 59, dtype('O'): 17, dtype('int64'): 3, dtype('bool'): 1}
2025-05-04 19:23:49,248 - src.data.loader - INFO - Missing values: 121533 total missing values
2025-05-04 19:23:49,248 - __main__ - INFO - 2. Starting data preprocessing
2025-05-04 19:23:49,260 - src.data.preprocessor - INFO - Starting data preprocessing
2025-05-04 19:23:49,283 - src.data.preprocessor - INFO - Filtered rows with playing time > 0: 19236 rows remaining
2025-05-04 19:23:49,284 - src.data.preprocessor - INFO - Handling missing values
2025-05-04 19:23:49,480 - src.data.preprocessor - INFO - Missing values handled: 0 remaining
2025-05-04 19:23:49,480 - src.data.preprocessor - INFO - Creating binary target variable with threshold 5.0
2025-05-04 19:23:49,482 - src.data.preprocessor - INFO - Target variable distribution: {0: 15242, 1: 3994}
2025-05-04 19:23:49,482 - src.data.preprocessor - INFO - Dropping 10 non-feature columns
2025-05-04 19:23:49,506 - src.data.preprocessor - INFO - Transforming features
2025-05-04 19:23:49,514 - src.data.preprocessor - INFO - Encoding 10 categorical variables
2025-05-04 19:23:49,935 - src.data.preprocessor - INFO - Feature transformation complete: 78 features
2025-05-04 19:23:49,939 - src.data.preprocessor - INFO - Default temporal split (80/10/10): Train=15388, Val=1923, Test=1925
2025-05-04 19:23:49,939 - src.data.preprocessor - INFO - Data preprocessing completed
2025-05-04 19:23:49,945 - __main__ - INFO - 3. Starting feature selection
2025-05-04 19:23:49,963 - src.features.selector - INFO - Performing SelectKBest feature selection with cross-validation
2025-05-04 19:23:49,964 - src.features.selector - INFO - Selecting top 30 features using univariate tests
2025-05-04 19:23:50,046 - src.features.selector - INFO - Selected 30 features using SelectKBest
2025-05-04 19:23:56,921 - src.features.selector - INFO - Cross-validated F1 score with selected features: 0.9672 ± 0.0046
2025-05-04 19:23:56,927 - __main__ - INFO - Saved selected features to output\selected_features.joblib for prediction UI
2025-05-04 19:23:56,928 - __main__ - INFO - 4. Starting model training and evaluation
2025-05-04 19:23:56,930 - __main__ - INFO - Training and evaluating RandomForest model
2025-05-04 19:23:56,931 - __main__ - ERROR - Error in pipeline: 'str' object has no attribute 'get'
