2025-05-02 13:47:35,609 — __main__ — INFO — 1. Starting data loading
2025-05-02 13:47:35,631 — src.data.loader — INFO — Loading data from data/raw/FPL_logs.csv
2025-05-02 13:47:36,634 — src.data.loader — INFO — Data validation passed
2025-05-02 13:47:36,635 — src.data.loader — INFO — Dataset loaded: 24573 rows, 80 columns
2025-05-02 13:47:36,638 — src.data.loader — INFO — Columns: ['Date', 'Day', 'Venue', 'Team', 'Opponent', 'Name', 'Start', 'Pos', 'Min', 'Gls']... (and 70 more)
2025-05-02 13:47:36,682 — src.data.loader — INFO — Data types: {dtype('float64'): 59, dtype('O'): 17, dtype('int64'): 3, dtype('bool'): 1}
2025-05-02 13:47:36,770 — src.data.loader — INFO — Missing values: 121533 total missing values
2025-05-02 13:47:36,771 — __main__ — INFO — 2. Starting data preprocessing
2025-05-02 13:47:36,791 — src.data.preprocessor — INFO — Starting data preprocessing
2025-05-02 13:47:36,843 — src.data.preprocessor — INFO — Filtered rows with playing time > 0: 19236 rows remaining
2025-05-02 13:47:36,845 — src.data.preprocessor — INFO — Handling missing values
2025-05-02 13:47:37,135 — src.data.preprocessor — INFO — Missing values handled: 0 remaining
2025-05-02 13:47:37,135 — src.data.preprocessor — INFO — Creating binary target variable with threshold 5.0
2025-05-02 13:47:37,141 — src.data.preprocessor — INFO — Target variable distribution: {0: 15242, 1: 3994}
2025-05-02 13:47:37,142 — src.data.preprocessor — INFO — Dropping 10 non-feature columns
2025-05-02 13:47:37,181 — src.data.preprocessor — INFO — Transforming features
2025-05-02 13:47:37,191 — src.data.preprocessor — INFO — Encoding 10 categorical variables
2025-05-02 13:47:38,151 — src.data.preprocessor — INFO — Feature transformation complete: 78 features
2025-05-02 13:47:38,156 — src.data.preprocessor — INFO — Default temporal split (80/10/10): Train=15388, Val=1923, Test=1925
2025-05-02 13:47:38,157 — src.data.preprocessor — INFO — Data preprocessing completed
2025-05-02 13:47:38,185 — __main__ — INFO — 3. Starting feature selection
2025-05-02 13:47:38,250 — src.features.selector — INFO — Performing SelectKBest feature selection with cross-validation
2025-05-02 13:47:38,253 — src.features.selector — INFO — Selecting top 30 features using univariate tests
2025-05-02 13:47:38,375 — src.features.selector — INFO — Selected 30 features using SelectKBest
2025-05-02 13:47:54,233 — src.features.selector — INFO — Cross-validated F1 score with selected features: 0.9672 ± 0.0046
2025-05-02 13:47:54,244 — __main__ — INFO — Saved selected features to output\selected_features.joblib for prediction UI
2025-05-02 13:47:54,245 — __main__ — INFO — 4. Starting model training and evaluation
2025-05-02 13:47:54,247 — __main__ — INFO — Training and evaluating RandomForest model
2025-05-02 13:47:54,250 — src.models.model_factory — INFO — Creating RandomForest model
2025-05-02 13:47:57,941 — __main__ — ERROR — Error in pipeline: The feature names should match those that were passed during fit.
Feature names unseen at fit time:
- Min_points
Feature names seen at fit time, yet now missing:
- FPL_xG

