2025-05-04 19:55:27,137 - root - INFO - Logging initialized. Logs will be written to logs\football_prediction_20250504_195527.log.
2025-05-04 19:55:27,138 - __main__ - INFO - 1. Starting data loading
2025-05-04 19:55:27,148 - src.data.loader - INFO - Loading data from data/raw/FPL_logs.csv
2025-05-04 19:55:27,564 - src.data.loader - INFO - Data validation passed
2025-05-04 19:55:27,565 - src.data.loader - INFO - Dataset loaded: 24573 rows, 80 columns
2025-05-04 19:55:27,565 - src.data.loader - INFO - Columns: ['Date', 'Day', 'Venue', 'Team', 'Opponent', 'Name', 'Start', 'Pos', 'Min', 'Gls']... (and 70 more)
2025-05-04 19:55:27,574 - src.data.loader - INFO - Data types: {dtype('float64'): 59, dtype('O'): 17, dtype('int64'): 3, dtype('bool'): 1}
2025-05-04 19:55:27,617 - src.data.loader - INFO - Missing values: 121533 total missing values
2025-05-04 19:55:27,617 - __main__ - INFO - 2. Starting data preprocessing
2025-05-04 19:55:27,629 - src.data.preprocessor - INFO - Starting data preprocessing
2025-05-04 19:55:27,653 - src.data.preprocessor - INFO - Filtered rows with playing time > 0: 19236 rows remaining
2025-05-04 19:55:27,653 - src.data.preprocessor - INFO - Handling missing values
2025-05-04 19:55:27,857 - src.data.preprocessor - INFO - Missing values handled: 0 remaining
2025-05-04 19:55:27,858 - src.data.preprocessor - INFO - Creating binary target variable with threshold 5.0
2025-05-04 19:55:27,861 - src.data.preprocessor - INFO - Target variable distribution: {0: 15242, 1: 3994}
2025-05-04 19:55:27,861 - src.data.preprocessor - INFO - Dropping 10 non-feature columns
2025-05-04 19:55:27,887 - src.data.preprocessor - INFO - Transforming features
2025-05-04 19:55:27,896 - src.data.preprocessor - INFO - Encoding 10 categorical variables
2025-05-04 19:55:28,379 - src.data.preprocessor - INFO - Feature transformation complete: 78 features
2025-05-04 19:55:28,383 - src.data.preprocessor - INFO - Default temporal split (80/10/10): Train=15388, Val=1923, Test=1925
2025-05-04 19:55:28,383 - src.data.preprocessor - INFO - Data preprocessing completed
2025-05-04 19:55:28,387 - __main__ - INFO - 3. Starting feature selection
2025-05-04 19:55:28,408 - src.features.selector - INFO - Performing SelectKBest feature selection with cross-validation
2025-05-04 19:55:28,409 - src.features.selector - INFO - Selecting top 30 features using univariate tests
2025-05-04 19:55:28,497 - src.features.selector - INFO - Selected 30 features using SelectKBest
2025-05-04 19:55:34,869 - src.features.selector - INFO - Cross-validated F1 score with selected features: 0.9672 ± 0.0046
2025-05-04 19:55:34,876 - __main__ - INFO - Saved selected features to output\selected_features.joblib for prediction UI
2025-05-04 19:55:34,876 - __main__ - INFO - 4. Starting model training and evaluation
2025-05-04 19:55:34,877 - __main__ - INFO - Training and evaluating RandomForest model
2025-05-04 19:55:38,274 - __main__ - ERROR - Error in pipeline: The feature names should match those that were passed during fit.
Feature names unseen at fit time:
- Min_points
Feature names seen at fit time, yet now missing:
- FPL_xG

